<?xml version="1.0" encoding="UTF-8"?>
<!-- Generated by org.testng.reporters.JUnitReportReporter -->
<testsuite hostname="DESKTOP-5JV4Q0H" failures="0" tests="3" name="Testng.Ihookable" time="0.013" errors="0" timestamp="2023-08-25T17:01:36 IST" skipped="0">
  <testcase classname="Testng.Ihookable" name="t" time="0.002"/>
  <system-out/>
  <testcase classname="Testng.Ihookable" name="t" time="0.008"/>
  <system-out/>
  <testcase classname="Testng.Ihookable" name="t" time="0.003"/>
  <system-out/>
</testsuite> <!-- Testng.Ihookable -->
