<?xml version="1.0" encoding="UTF-8"?>
<!-- Generated by org.testng.reporters.JUnitReportReporter -->
<testsuite hostname="DESKTOP-5JV4Q0H" failures="0" tests="2" name="Testng.hookable1" time="0.017" errors="0" timestamp="2023-08-25T15:15:51 IST" skipped="0">
  <testcase classname="Testng.hookable1" name="a" time="0.013"/>
  <system-out/>
  <testcase classname="Testng.hookable1" name="b" time="0.004"/>
  <system-out/>
</testsuite> <!-- Testng.hookable1 -->
